{"name": "Order scooter from top button", "status": "broken", "statusDetails": {"message": "selenium.common.exceptions.TimeoutException: Message: \nStacktrace:\nRemoteError@chrome://remote/content/shared/RemoteError.sys.mjs:8:8\nWebDriverError@chrome://remote/content/shared/webdriver/Errors.sys.mjs:193:5\nNoSuchElementError@chrome://remote/content/shared/webdriver/Errors.sys.mjs:511:5\ndom.find/</<@chrome://remote/content/shared/DOM.sys.mjs:136:16", "trace": "self = <test_order.TestOrder object at 0x00000210D1EE69F0>\ndriver = <selenium.webdriver.firefox.webdriver.WebDriver (session=\"7b733050-5fae-4ec7-9c45-4606ff16f9e2\")>, name = 'Пётр', surname = 'Петров'\naddress = 'Улица Ленина, дом Сталина', metro = 'Арбатская', phone = '+79993334455', date = '21.10.2023', rent_period = 'двое суток'\n\n    @allure.title(\"Order scooter from top button\")\n    @pytest.mark.parametrize(\n        \"name, surname, address, metro, phone, date, rent_period\",\n        [\n            (\"Иван\", \"Иванов\", \"Улица Пушкина, дом Колотушкина\", \"Киевская\", \"+79991112233\", \"20.10.2023\", \"сутки\"),\n            (\"Пётр\", \"Петров\", \"Улица Ленина, дом Сталина\", \"Арбатская\", \"+79993334455\", \"21.10.2023\", \"двое суток\")\n        ]\n    )\n    def test_order_scooter_top_button(self, driver, name, surname, address, metro, phone, date, rent_period):\n        driver.get('https://qa-scooter.praktikum-services.ru/')\n        page = OrderPage(driver)\n        page.wait_for_page_load('https://qa-scooter.praktikum-services.ru/')\n        page.click_order_button_top()\n        page.fill_order_form(name, surname, address, metro, phone)\n>       page.fill_rent_form(date, rent_period)\n\ntests\\test_order.py:29: \n_ _ _ _ _ _ _ _ _ _ _ _ _ _ _ _ _ _ _ _ _ _ _ _ _ _ _ _ _ _ _ _ _ _ _ _ _ _ _ _ _ _ _ _ _ _ _ _ _ _ _ _ _ _ _ _ _ _ _ _ _ _ _ _ _ _ _ _ _ _ _ _ _ _\npages\\order_page.py:55: in fill_rent_form\n    raise e\npages\\order_page.py:34: in fill_rent_form\n    date_field = self.wait_for_element(OrderLocators.DATE_FIELD, timeout=20)\npages\\base_page.py:17: in wait_for_element\n    return WebDriverWait(self.driver, timeout).until(EC.presence_of_element_located(locator))\n_ _ _ _ _ _ _ _ _ _ _ _ _ _ _ _ _ _ _ _ _ _ _ _ _ _ _ _ _ _ _ _ _ _ _ _ _ _ _ _ _ _ _ _ _ _ _ _ _ _ _ _ _ _ _ _ _ _ _ _ _ _ _ _ _ _ _ _ _ _ _ _ _ _\n\nself = <selenium.webdriver.support.wait.WebDriverWait (session=\"7b733050-5fae-4ec7-9c45-4606ff16f9e2\")>\nmethod = <function presence_of_element_located.<locals>._predicate at 0x00000210D21A04A0>, message = ''\n\n    def until(self, method, message=''):\n        \"\"\"Calls the method provided with the driver as an argument until the \\\n        return value does not evaluate to ``False``.\n    \n        :param method: callable(WebDriver)\n        :param message: optional message for :exc:`TimeoutException`\n        :returns: the result of the last call to `method`\n        :raises: :exc:`selenium.common.exceptions.TimeoutException` if timeout occurs\n        \"\"\"\n        screen = None\n        stacktrace = None\n    \n        end_time = time.time() + self._timeout\n        while True:\n            try:\n                value = method(self._driver)\n                if value:\n                    return value\n            except InvalidSelectorException as e:\n                raise e\n            except self._ignored_exceptions as exc:\n                screen = getattr(exc, 'screen', None)\n                stacktrace = getattr(exc, 'stacktrace', None)\n            time.sleep(self._poll)\n            if time.time() > end_time:\n                break\n>       raise TimeoutException(message, screen, stacktrace)\nE       selenium.common.exceptions.TimeoutException: Message: \nE       Stacktrace:\nE       RemoteError@chrome://remote/content/shared/RemoteError.sys.mjs:8:8\nE       WebDriverError@chrome://remote/content/shared/webdriver/Errors.sys.mjs:193:5\nE       NoSuchElementError@chrome://remote/content/shared/webdriver/Errors.sys.mjs:511:5\nE       dom.find/</<@chrome://remote/content/shared/DOM.sys.mjs:136:16\n\n.venv\\Lib\\site-packages\\selenium\\webdriver\\support\\wait.py:89: TimeoutException"}, "steps": [{"name": "Clicking on the top order button", "status": "passed", "start": 1725380399238, "stop": 1725380399255}, {"name": "Filling the order form with name: <pages.order_page.OrderPage object at 0x00000210D2130DD0>, surname: 'Пётр', address: 'Петров', metro: 'Улица Ленина, дом Сталина', phone: 'Арбатская'", "status": "passed", "parameters": [{"name": "name", "value": "'Пётр'"}, {"name": "surname", "value": "'Петров'"}, {"name": "address", "value": "'Улица Ленина, дом Сталина'"}, {"name": "metro", "value": "'Арбатская'"}, {"name": "phone", "value": "'+79993334455'"}], "start": 1725380399255, "stop": 1725380399430}, {"name": "Filling the rent form with date: <pages.order_page.OrderPage object at 0x00000210D2130DD0>, period: '21.10.2023'", "status": "broken", "statusDetails": {"message": "selenium.common.exceptions.TimeoutException: Message: \nStacktrace:\nRemoteError@chrome://remote/content/shared/RemoteError.sys.mjs:8:8\nWebDriverError@chrome://remote/content/shared/webdriver/Errors.sys.mjs:193:5\nNoSuchElementError@chrome://remote/content/shared/webdriver/Errors.sys.mjs:511:5\ndom.find/</<@chrome://remote/content/shared/DOM.sys.mjs:136:16\n\n", "trace": "  File \"C:\\Users\\myutambova\\PycharmProjects\\Sprint_6\\.venv\\Lib\\site-packages\\allure_commons\\_allure.py\", line 172, in impl\n    return func(*a, **kw)\n           ^^^^^^^^^^^^^^\n  File \"C:\\Users\\myutambova\\PycharmProjects\\Sprint_6\\pages\\order_page.py\", line 55, in fill_rent_form\n    raise e\n  File \"C:\\Users\\myutambova\\PycharmProjects\\Sprint_6\\pages\\order_page.py\", line 34, in fill_rent_form\n    date_field = self.wait_for_element(OrderLocators.DATE_FIELD, timeout=20)\n                 ^^^^^^^^^^^^^^^^^^^^^^^^^^^^^^^^^^^^^^^^^^^^^^^^^^^^^^^^^^^\n  File \"C:\\Users\\myutambova\\PycharmProjects\\Sprint_6\\pages\\base_page.py\", line 17, in wait_for_element\n    return WebDriverWait(self.driver, timeout).until(EC.presence_of_element_located(locator))\n           ^^^^^^^^^^^^^^^^^^^^^^^^^^^^^^^^^^^^^^^^^^^^^^^^^^^^^^^^^^^^^^^^^^^^^^^^^^^^^^^^^^\n  File \"C:\\Users\\myutambova\\PycharmProjects\\Sprint_6\\.venv\\Lib\\site-packages\\selenium\\webdriver\\support\\wait.py\", line 89, in until\n    raise TimeoutException(message, screen, stacktrace)\n"}, "attachments": [{"name": "Screenshot", "source": "d87f4d55-f173-4e4d-909a-62afb1c011e9-attachment.png", "type": "image/png"}, {"name": "Page Source", "source": "ef63ab04-d811-40e1-88b2-98a9de1cd912-attachment.html", "type": "text/html"}], "parameters": [{"name": "date", "value": "'21.10.2023'"}, {"name": "rent_period", "value": "'двое суток'"}], "start": 1725380399430, "stop": 1725380419708}], "parameters": [{"name": "name", "value": "'Пётр'"}, {"name": "surname", "value": "'Петров'"}, {"name": "address", "value": "'Улица Ленина, дом Сталина'"}, {"name": "metro", "value": "'Арбатская'"}, {"name": "phone", "value": "'+79993334455'"}, {"name": "date", "value": "'21.10.2023'"}, {"name": "rent_period", "value": "'двое суток'"}], "start": 1725380399133, "stop": 1725380419708, "uuid": "d315da4a-f2a9-403b-925a-52d471902e17", "historyId": "7b202246b925c028a086a3c9b780715c", "testCaseId": "e30f1b168ed5a41c2b9a5eb7a39666f8", "fullName": "tests.test_order.TestOrder#test_order_scooter_top_button", "labels": [{"name": "tag", "value": "@pytest.mark.usefixtures('driver')"}, {"name": "parentSuite", "value": "tests"}, {"name": "suite", "value": "test_order"}, {"name": "subSuite", "value": "TestOrder"}, {"name": "host", "value": "SC-WS-01209"}, {"name": "thread", "value": "22164-MainThread"}, {"name": "framework", "value": "pytest"}, {"name": "language", "value": "cpython3"}, {"name": "package", "value": "tests.test_order"}]}