{"name": "Order scooter from bottom button", "status": "broken", "statusDetails": {"message": "selenium.common.exceptions.TimeoutException: Message: \nStacktrace:\nRemoteError@chrome://remote/content/shared/RemoteError.sys.mjs:8:8\nWebDriverError@chrome://remote/content/shared/webdriver/Errors.sys.mjs:193:5\nNoSuchElementError@chrome://remote/content/shared/webdriver/Errors.sys.mjs:511:5\ndom.find/</<@chrome://remote/content/shared/DOM.sys.mjs:136:16", "trace": "self = <test_order.TestOrder object at 0x0000028EBEED10D0>\ndriver = <selenium.webdriver.firefox.webdriver.WebDriver (session=\"27d53e6b-2e8c-4428-8de8-dddfbf65e2ad\")>, name = 'Сергей', surname = 'Сергеев'\naddress = 'Улица Чехова, дом Гудкова', metro = 'Тверская', phone = '+79996667788', date = '22.10.2023', rent_period = 'четверо суток'\n\n    @allure.title(\"Order scooter from bottom button\")\n    @pytest.mark.parametrize(\n        \"name, surname, address, metro, phone, date, rent_period\",\n        [\n            (\"Сергей\", \"Сергеев\", \"Улица Чехова, дом Гудкова\", \"Тверская\", \"+79996667788\", \"22.10.2023\", \"четверо суток\"),\n            (\"Алексей\", \"Алексеев\", \"Улица Достоевского, дом Книжников\", \"Садовая\", \"+79997778899\", \"23.10.2023\", \"двое суток\")\n        ]\n    )\n    def test_order_scooter_bottom_button(self, driver, name, surname, address, metro, phone, date, rent_period):\n        driver.get('https://qa-scooter.praktikum-services.ru/')\n        page = OrderPage(driver)\n>       page.click_order_button_bottom()\n\ntests\\test_order.py:37: \n_ _ _ _ _ _ _ _ _ _ _ _ _ _ _ _ _ _ _ _ _ _ _ _ _ _ _ _ _ _ _ _ _ _ _ _ _ _ _ _ _ _ _ _ _ _ _ _ _ _ _ _ _ _ _ _ _ _ _ _ _ _ _ _ _ _ _ _ _ _ _ _ _ _\npages\\order_page.py:20: in click_order_button_bottom\n    self.click_element(OrderLocators.ORDER_BUTTON_BOTTOM)\npages\\base_page.py:21: in click_element\n    element = self.wait_for_element(locator)\npages\\base_page.py:18: in wait_for_element\n    return WebDriverWait(self.driver, timeout).until(EC.presence_of_element_located(locator))\n_ _ _ _ _ _ _ _ _ _ _ _ _ _ _ _ _ _ _ _ _ _ _ _ _ _ _ _ _ _ _ _ _ _ _ _ _ _ _ _ _ _ _ _ _ _ _ _ _ _ _ _ _ _ _ _ _ _ _ _ _ _ _ _ _ _ _ _ _ _ _ _ _ _\n\nself = <selenium.webdriver.support.wait.WebDriverWait (session=\"27d53e6b-2e8c-4428-8de8-dddfbf65e2ad\")>\nmethod = <function presence_of_element_located.<locals>._predicate at 0x0000028EBF3C8180>, message = ''\n\n    def until(self, method, message=''):\n        \"\"\"Calls the method provided with the driver as an argument until the \\\n        return value does not evaluate to ``False``.\n    \n        :param method: callable(WebDriver)\n        :param message: optional message for :exc:`TimeoutException`\n        :returns: the result of the last call to `method`\n        :raises: :exc:`selenium.common.exceptions.TimeoutException` if timeout occurs\n        \"\"\"\n        screen = None\n        stacktrace = None\n    \n        end_time = time.time() + self._timeout\n        while True:\n            try:\n                value = method(self._driver)\n                if value:\n                    return value\n            except InvalidSelectorException as e:\n                raise e\n            except self._ignored_exceptions as exc:\n                screen = getattr(exc, 'screen', None)\n                stacktrace = getattr(exc, 'stacktrace', None)\n            time.sleep(self._poll)\n            if time.time() > end_time:\n                break\n>       raise TimeoutException(message, screen, stacktrace)\nE       selenium.common.exceptions.TimeoutException: Message: \nE       Stacktrace:\nE       RemoteError@chrome://remote/content/shared/RemoteError.sys.mjs:8:8\nE       WebDriverError@chrome://remote/content/shared/webdriver/Errors.sys.mjs:193:5\nE       NoSuchElementError@chrome://remote/content/shared/webdriver/Errors.sys.mjs:511:5\nE       dom.find/</<@chrome://remote/content/shared/DOM.sys.mjs:136:16\n\n.venv\\Lib\\site-packages\\selenium\\webdriver\\support\\wait.py:89: TimeoutException"}, "steps": [{"name": "Clicking on the bottom order button", "status": "broken", "statusDetails": {"message": "selenium.common.exceptions.TimeoutException: Message: \nStacktrace:\nRemoteError@chrome://remote/content/shared/RemoteError.sys.mjs:8:8\nWebDriverError@chrome://remote/content/shared/webdriver/Errors.sys.mjs:193:5\nNoSuchElementError@chrome://remote/content/shared/webdriver/Errors.sys.mjs:511:5\ndom.find/</<@chrome://remote/content/shared/DOM.sys.mjs:136:16\n\n", "trace": "  File \"C:\\Users\\myutambova\\PycharmProjects\\Sprint_6\\.venv\\Lib\\site-packages\\allure_commons\\_allure.py\", line 172, in impl\n    return func(*a, **kw)\n           ^^^^^^^^^^^^^^\n  File \"C:\\Users\\myutambova\\PycharmProjects\\Sprint_6\\pages\\order_page.py\", line 20, in click_order_button_bottom\n    self.click_element(OrderLocators.ORDER_BUTTON_BOTTOM)\n  File \"C:\\Users\\myutambova\\PycharmProjects\\Sprint_6\\pages\\base_page.py\", line 21, in click_element\n    element = self.wait_for_element(locator)\n              ^^^^^^^^^^^^^^^^^^^^^^^^^^^^^^\n  File \"C:\\Users\\myutambova\\PycharmProjects\\Sprint_6\\pages\\base_page.py\", line 18, in wait_for_element\n    return WebDriverWait(self.driver, timeout).until(EC.presence_of_element_located(locator))\n           ^^^^^^^^^^^^^^^^^^^^^^^^^^^^^^^^^^^^^^^^^^^^^^^^^^^^^^^^^^^^^^^^^^^^^^^^^^^^^^^^^^\n  File \"C:\\Users\\myutambova\\PycharmProjects\\Sprint_6\\.venv\\Lib\\site-packages\\selenium\\webdriver\\support\\wait.py\", line 89, in until\n    raise TimeoutException(message, screen, stacktrace)\n"}, "start": 1725376843661, "stop": 1725376853854}], "parameters": [{"name": "name", "value": "'Сергей'"}, {"name": "surname", "value": "'Сергеев'"}, {"name": "address", "value": "'Улица Чехова, дом Гудкова'"}, {"name": "metro", "value": "'Тверская'"}, {"name": "phone", "value": "'+79996667788'"}, {"name": "date", "value": "'22.10.2023'"}, {"name": "rent_period", "value": "'четверо суток'"}], "start": 1725376842646, "stop": 1725376853855, "uuid": "c1758ea0-e778-4614-8b04-51e8c9f32ad9", "historyId": "2acc030077631febefa9ddf24713c7ee", "testCaseId": "d1e2565f1f61ee18d04f0d4e16d634e6", "fullName": "tests.test_order.TestOrder#test_order_scooter_bottom_button", "labels": [{"name": "story", "value": "Scooter order functionality"}, {"name": "feature", "value": "Order Scooter"}, {"name": "parentSuite", "value": "tests"}, {"name": "suite", "value": "test_order"}, {"name": "subSuite", "value": "TestOrder"}, {"name": "host", "value": "SC-WS-01209"}, {"name": "thread", "value": "3124-MainThread"}, {"name": "framework", "value": "pytest"}, {"name": "language", "value": "cpython3"}, {"name": "package", "value": "tests.test_order"}]}