{"name": "Order scooter from bottom button", "status": "broken", "statusDetails": {"message": "selenium.common.exceptions.TimeoutException: Message: \nStacktrace:\nRemoteError@chrome://remote/content/shared/RemoteError.sys.mjs:8:8\nWebDriverError@chrome://remote/content/shared/webdriver/Errors.sys.mjs:193:5\nNoSuchElementError@chrome://remote/content/shared/webdriver/Errors.sys.mjs:511:5\ndom.find/</<@chrome://remote/content/shared/DOM.sys.mjs:136:16", "trace": "self = <test_order.TestOrder object at 0x00000210D1EE6ED0>\ndriver = <selenium.webdriver.firefox.webdriver.WebDriver (session=\"7b733050-5fae-4ec7-9c45-4606ff16f9e2\")>, name = 'Сергей', surname = 'Сергеев'\naddress = 'Улица Чехова, дом Гудкова', metro = 'Тверская', phone = '+79996667788', date = '22.10.2023', rent_period = 'четверо суток'\n\n    @allure.title(\"Order scooter from bottom button\")\n    @pytest.mark.parametrize(\n        \"name, surname, address, metro, phone, date, rent_period\",\n        [\n            (\"Сергей\", \"Сергеев\", \"Улица Чехова, дом Гудкова\", \"Тверская\", \"+79996667788\", \"22.10.2023\", \"четверо суток\"),\n            (\"Алексей\", \"Алексеев\", \"Улица Достоевского, дом Книжников\", \"Садовая\", \"+79997778899\", \"23.10.2023\", \"двое суток\")\n        ]\n    )\n    def test_order_scooter_bottom_button(self, driver, name, surname, address, metro, phone, date, rent_period):\n        driver.get('https://qa-scooter.praktikum-services.ru/')\n        page = OrderPage(driver)\n        page.wait_for_page_load('https://qa-scooter.praktikum-services.ru/')\n        page.click_order_button_bottom()\n        page.fill_order_form(name, surname, address, metro, phone)\n>       page.fill_rent_form(date, rent_period)\n\ntests\\test_order.py:46: \n_ _ _ _ _ _ _ _ _ _ _ _ _ _ _ _ _ _ _ _ _ _ _ _ _ _ _ _ _ _ _ _ _ _ _ _ _ _ _ _ _ _ _ _ _ _ _ _ _ _ _ _ _ _ _ _ _ _ _ _ _ _ _ _ _ _ _ _ _ _ _ _ _ _\npages\\order_page.py:55: in fill_rent_form\n    raise e\npages\\order_page.py:34: in fill_rent_form\n    date_field = self.wait_for_element(OrderLocators.DATE_FIELD, timeout=20)\npages\\base_page.py:17: in wait_for_element\n    return WebDriverWait(self.driver, timeout).until(EC.presence_of_element_located(locator))\n_ _ _ _ _ _ _ _ _ _ _ _ _ _ _ _ _ _ _ _ _ _ _ _ _ _ _ _ _ _ _ _ _ _ _ _ _ _ _ _ _ _ _ _ _ _ _ _ _ _ _ _ _ _ _ _ _ _ _ _ _ _ _ _ _ _ _ _ _ _ _ _ _ _\n\nself = <selenium.webdriver.support.wait.WebDriverWait (session=\"7b733050-5fae-4ec7-9c45-4606ff16f9e2\")>\nmethod = <function presence_of_element_located.<locals>._predicate at 0x00000210D21A0B80>, message = ''\n\n    def until(self, method, message=''):\n        \"\"\"Calls the method provided with the driver as an argument until the \\\n        return value does not evaluate to ``False``.\n    \n        :param method: callable(WebDriver)\n        :param message: optional message for :exc:`TimeoutException`\n        :returns: the result of the last call to `method`\n        :raises: :exc:`selenium.common.exceptions.TimeoutException` if timeout occurs\n        \"\"\"\n        screen = None\n        stacktrace = None\n    \n        end_time = time.time() + self._timeout\n        while True:\n            try:\n                value = method(self._driver)\n                if value:\n                    return value\n            except InvalidSelectorException as e:\n                raise e\n            except self._ignored_exceptions as exc:\n                screen = getattr(exc, 'screen', None)\n                stacktrace = getattr(exc, 'stacktrace', None)\n            time.sleep(self._poll)\n            if time.time() > end_time:\n                break\n>       raise TimeoutException(message, screen, stacktrace)\nE       selenium.common.exceptions.TimeoutException: Message: \nE       Stacktrace:\nE       RemoteError@chrome://remote/content/shared/RemoteError.sys.mjs:8:8\nE       WebDriverError@chrome://remote/content/shared/webdriver/Errors.sys.mjs:193:5\nE       NoSuchElementError@chrome://remote/content/shared/webdriver/Errors.sys.mjs:511:5\nE       dom.find/</<@chrome://remote/content/shared/DOM.sys.mjs:136:16\n\n.venv\\Lib\\site-packages\\selenium\\webdriver\\support\\wait.py:89: TimeoutException"}, "steps": [{"name": "Clicking on the bottom order button", "status": "passed", "start": 1725380419841, "stop": 1725380419890}, {"name": "Filling the order form with name: <pages.order_page.OrderPage object at 0x00000210D218A7B0>, surname: 'Сергей', address: 'Сергеев', metro: 'Улица Чехова, дом Гудкова', phone: 'Тверская'", "status": "passed", "parameters": [{"name": "name", "value": "'Сергей'"}, {"name": "surname", "value": "'Сергеев'"}, {"name": "address", "value": "'Улица Чехова, дом Гудкова'"}, {"name": "metro", "value": "'Тверская'"}, {"name": "phone", "value": "'+79996667788'"}], "start": 1725380419890, "stop": 1725380420087}, {"name": "Filling the rent form with date: <pages.order_page.OrderPage object at 0x00000210D218A7B0>, period: '22.10.2023'", "status": "broken", "statusDetails": {"message": "selenium.common.exceptions.TimeoutException: Message: \nStacktrace:\nRemoteError@chrome://remote/content/shared/RemoteError.sys.mjs:8:8\nWebDriverError@chrome://remote/content/shared/webdriver/Errors.sys.mjs:193:5\nNoSuchElementError@chrome://remote/content/shared/webdriver/Errors.sys.mjs:511:5\ndom.find/</<@chrome://remote/content/shared/DOM.sys.mjs:136:16\n\n", "trace": "  File \"C:\\Users\\myutambova\\PycharmProjects\\Sprint_6\\.venv\\Lib\\site-packages\\allure_commons\\_allure.py\", line 172, in impl\n    return func(*a, **kw)\n           ^^^^^^^^^^^^^^\n  File \"C:\\Users\\myutambova\\PycharmProjects\\Sprint_6\\pages\\order_page.py\", line 55, in fill_rent_form\n    raise e\n  File \"C:\\Users\\myutambova\\PycharmProjects\\Sprint_6\\pages\\order_page.py\", line 34, in fill_rent_form\n    date_field = self.wait_for_element(OrderLocators.DATE_FIELD, timeout=20)\n                 ^^^^^^^^^^^^^^^^^^^^^^^^^^^^^^^^^^^^^^^^^^^^^^^^^^^^^^^^^^^\n  File \"C:\\Users\\myutambova\\PycharmProjects\\Sprint_6\\pages\\base_page.py\", line 17, in wait_for_element\n    return WebDriverWait(self.driver, timeout).until(EC.presence_of_element_located(locator))\n           ^^^^^^^^^^^^^^^^^^^^^^^^^^^^^^^^^^^^^^^^^^^^^^^^^^^^^^^^^^^^^^^^^^^^^^^^^^^^^^^^^^\n  File \"C:\\Users\\myutambova\\PycharmProjects\\Sprint_6\\.venv\\Lib\\site-packages\\selenium\\webdriver\\support\\wait.py\", line 89, in until\n    raise TimeoutException(message, screen, stacktrace)\n"}, "attachments": [{"name": "Screenshot", "source": "3d105ac4-0981-40c6-bcd1-65dc47f12a01-attachment.png", "type": "image/png"}, {"name": "Page Source", "source": "8aaef834-ea10-417f-ad71-877bb47ce26a-attachment.html", "type": "text/html"}], "parameters": [{"name": "date", "value": "'22.10.2023'"}, {"name": "rent_period", "value": "'четверо суток'"}], "start": 1725380420087, "stop": 1725380440375}], "parameters": [{"name": "name", "value": "'Сергей'"}, {"name": "surname", "value": "'Сергеев'"}, {"name": "address", "value": "'Улица Чехова, дом Гудкова'"}, {"name": "metro", "value": "'Тверская'"}, {"name": "phone", "value": "'+79996667788'"}, {"name": "date", "value": "'22.10.2023'"}, {"name": "rent_period", "value": "'четверо суток'"}], "start": 1725380419728, "stop": 1725380440376, "uuid": "ffab4f26-0bd3-4600-b0cc-f635bb061db9", "historyId": "2acc030077631febefa9ddf24713c7ee", "testCaseId": "d1e2565f1f61ee18d04f0d4e16d634e6", "fullName": "tests.test_order.TestOrder#test_order_scooter_bottom_button", "labels": [{"name": "tag", "value": "@pytest.mark.usefixtures('driver')"}, {"name": "parentSuite", "value": "tests"}, {"name": "suite", "value": "test_order"}, {"name": "subSuite", "value": "TestOrder"}, {"name": "host", "value": "SC-WS-01209"}, {"name": "thread", "value": "22164-MainThread"}, {"name": "framework", "value": "pytest"}, {"name": "language", "value": "cpython3"}, {"name": "package", "value": "tests.test_order"}]}